<?xml version="1.0" encoding="UTF-8"?>
<!-- Generated by org.testng.reporters.JUnitReportReporter -->
<testsuite hostname="DESKTOP-NVQD90G" name="test.problem.TestFunctions" tests="5" failures="0" timestamp="11 May 2017 10:07:28 GMT" time="0.046" errors="0">
  <testcase name="testInputCommands" time="0.008" classname="test.problem.TestFunctions"/>
  <testcase name="testInputCommands" time="0.009" classname="test.problem.TestFunctions"/>
  <testcase name="testInputCommands" time="0.020" classname="test.problem.TestFunctions"/>
  <testcase name="testInputCommands" time="0.003" classname="test.problem.TestFunctions"/>
  <testcase name="testInputCommands" time="0.006" classname="test.problem.TestFunctions"/>
</testsuite> <!-- test.problem.TestFunctions -->
